#
# There is insufficient memory for the Java Runtime Environment to continue.
# Native memory allocation (mmap) failed to map 57671680 bytes for committing reserved memory.
# Possible reasons:
#   The system is out of physical RAM or swap space
#   The process is running with CompressedOops enabled, and the Java Heap may be blocking the growth of the native heap
# Possible solutions:
#   Reduce memory load on the system
#   Increase physical memory or swap space
#   Check if swap backing store is full
#   Decrease Java heap size (-Xmx/-Xms)
#   Decrease number of Java threads
#   Decrease Java thread stack sizes (-Xss)
#   Set larger code cache with -XX:ReservedCodeCacheSize=
#   JVM is running with Unscaled Compressed Oops mode in which the Java heap is
#     placed in the first 4GB address space. The Java Heap base address is the
#     maximum limit for the native heap growth. Please use -XX:HeapBaseMinAddress
#     to set the Java Heap base and to place the Java Heap above 4GB virtual address.
# This output file may be truncated or incomplete.
#
#  Out of Memory Error (os_linux.cpp:2753), pid=17116, tid=0x00007f3d136f6700
#
# JRE version: OpenJDK Runtime Environment (8.0_202) (build 1.8.0_202-release-1483-b49-5587405)
# Java VM: OpenJDK 64-Bit Server VM (25.202-b49-5587405 mixed mode linux-amd64 compressed oops)
# Failed to write core dump. Core dumps have been disabled. To enable core dumping, try "ulimit -c unlimited" before starting Java again
#

---------------  T H R E A D  ---------------

Current thread (0x00007f3d3007a000):  VMThread [stack: 0x00007f3d135f7000,0x00007f3d136f7000] [id=17123]

Stack: [0x00007f3d135f7000,0x00007f3d136f7000],  sp=0x00007f3d136f5510,  free space=1017k
Native frames: (J=compiled Java code, j=interpreted, Vv=VM code, C=native code)
V  [libjvm.so+0xa08b78]  VMError::report_and_die()+0x148
V  [libjvm.so+0x4d412a]  report_vm_out_of_memory(char const*, int, unsigned long, VMErrorType, char const*)+0x8a
V  [libjvm.so+0x870478]  os::pd_commit_memory(char*, unsigned long, unsigned long, bool)+0xd8
V  [libjvm.so+0x867f9f]  os::commit_memory(char*, unsigned long, unsigned long, bool)+0x1f
V  [libjvm.so+0x8e14eb]  PSVirtualSpace::expand_by(unsigned long)+0x5b
V  [libjvm.so+0x8e2140]  PSYoungGen::resize_generation(unsigned long, unsigned long)+0xb0
V  [libjvm.so+0x8e245b]  PSYoungGen::resize(unsigned long, unsigned long)+0x1b
V  [libjvm.so+0x8deb8e]  PSScavenge::invoke_no_policy()+0xdce
V  [libjvm.so+0x8df348]  PSScavenge::invoke()+0x38
V  [libjvm.so+0x893763]  ParallelScavengeHeap::failed_mem_allocate(unsigned long)+0x63
V  [libjvm.so+0xa0a644]  VM_ParallelGCFailedAllocation::doit()+0x84
V  [libjvm.so+0xa0ea17]  VM_Operation::evaluate()+0x47
V  [libjvm.so+0xa0d498]  VMThread::evaluate_operation(VM_Operation*)+0x218
V  [libjvm.so+0xa0d8d1]  VMThread::loop()+0x1f1
V  [libjvm.so+0xa0dd02]  VMThread::run()+0x72
V  [libjvm.so+0x86d652]  java_start(Thread*)+0xf2

VM_Operation (0x00007f3d11e52ea0): ParallelGCFailedAllocation, mode: safepoint, requested by thread 0x00007f3ce0003000


---------------  P R O C E S S  ---------------

Java Threads: ( => current thread )
  0x00007f3cbc012000 JavaThread "RMI RenewClean-[127.0.0.1:45679,org.jetbrains.kotlin.daemon.common.LoopbackNetworkInterface$ClientLoopbackSocketFactory@75135bc3]" daemon [_thread_blocked, id=17148, stack(0x00007f3d124d6000,0x00007f3d125d7000)]
  0x00007f3ce0003000 JavaThread "RMI TCP Connection(2)-127.0.0.1" daemon [_thread_blocked, id=17145, stack(0x00007f3d11d57000,0x00007f3d11e58000)]
  0x00007f3cc4011800 JavaThread "RMI Scheduler(0)" daemon [_thread_blocked, id=17140, stack(0x00007f3d11e58000,0x00007f3d11f59000)]
  0x00007f3ce0001800 JavaThread "RMI TCP Connection(1)-127.0.0.1" daemon [_thread_in_native, id=17139, stack(0x00007f3d12159000,0x00007f3d1225a000)]
  0x00007f3d3000c000 JavaThread "DestroyJavaVM" [_thread_blocked, id=17118, stack(0x00007f3d365fa000,0x00007f3d366fa000)]
  0x00007f3d30330800 JavaThread "GC Daemon" daemon [_thread_blocked, id=17138, stack(0x00007f3d1225a000,0x00007f3d1235b000)]
  0x00007f3d30328000 JavaThread "RMI Reaper" [_thread_blocked, id=17137, stack(0x00007f3d1235b000,0x00007f3d1245c000)]
  0x00007f3d30318800 JavaThread "Timer-0" daemon [_thread_blocked, id=17135, stack(0x00007f3d125d7000,0x00007f3d126d8000)]
  0x00007f3d30313000 JavaThread "RMI TCP Accept-17545" daemon [_thread_in_native, id=17133, stack(0x00007f3d126d8000,0x00007f3d127d9000)]
  0x00007f3d300c2800 JavaThread "Service Thread" daemon [_thread_blocked, id=17130, stack(0x00007f3d12adf000,0x00007f3d12be0000)]
  0x00007f3d300bf000 JavaThread "C1 CompilerThread2" daemon [_thread_blocked, id=17129, stack(0x00007f3d12be1000,0x00007f3d12ce1000)]
  0x00007f3d300bd800 JavaThread "C2 CompilerThread1" daemon [_thread_blocked, id=17128, stack(0x00007f3d12ce2000,0x00007f3d12de2000)]
  0x00007f3d300ba800 JavaThread "C2 CompilerThread0" daemon [_thread_blocked, id=17127, stack(0x00007f3d12de3000,0x00007f3d12ee3000)]
  0x00007f3d300b6800 JavaThread "Signal Dispatcher" daemon [_thread_blocked, id=17126, stack(0x00007f3d12ee3000,0x00007f3d12fe4000)]
  0x00007f3d30086000 JavaThread "Finalizer" daemon [_thread_blocked, id=17125, stack(0x00007f3d133f4000,0x00007f3d134f5000)]
  0x00007f3d30083800 JavaThread "Reference Handler" daemon [_thread_blocked, id=17124, stack(0x00007f3d134f5000,0x00007f3d135f6000)]

Other Threads:
=>0x00007f3d3007a000 VMThread [stack: 0x00007f3d135f7000,0x00007f3d136f7000] [id=17123]
  0x00007f3d300c5000 WatcherThread [stack: 0x00007f3d129df000,0x00007f3d12adf000] [id=17131]

VM state:at safepoint (normal execution)

VM Mutex/Monitor currently owned by a thread:  ([mutex/lock_event])
[0x00007f3d30008930] Threads_lock - owner thread: 0x00007f3d3007a000
[0x00007f3d30008e30] Heap_lock - owner thread: 0x00007f3ce0003000

heap address: 0x00000000a0000000, size: 1536 MB, Compressed Oops mode: 32-bit
Narrow klass base: 0x0000000000000000, Narrow klass shift: 3
Compressed class space size: 1073741824 Address: 0x0000000100000000

Heap:
 PSYoungGen      total 98816K, used 17401K [0x00000000e0000000, 0x00000000e7680000, 0x0000000100000000)
  eden space 81408K, 0% used [0x00000000e0000000,0x00000000e0000000,0x00000000e4f80000)
  from space 17408K, 99% used [0x00000000e5480000,0x00000000e657e728,0x00000000e6580000)
  to   space 14848K, 0% used [0x00000000e6800000,0x00000000e6800000,0x00000000e7680000)
 ParOldGen       total 72704K, used 28864K [0x00000000a0000000, 0x00000000a4700000, 0x00000000e0000000)
  object space 72704K, 39% used [0x00000000a0000000,0x00000000a1c30120,0x00000000a4700000)
 Metaspace       used 47677K, capacity 48395K, committed 48936K, reserved 1091584K
  class space    used 5923K, capacity 6090K, committed 6192K, reserved 1048576K

Card table byte_map: [0x00007f3d2093f000,0x00007f3d20c40000] byte_map_base: 0x00007f3d2043f000

Marking Bits: (ParMarkBitMap*) 0x00007f3d35cd2920
 Begin Bits: [0x00007f3d19000000, 0x00007f3d1a800000)
 End Bits:   [0x00007f3d1a800000, 0x00007f3d1c000000)

Polling page: 0x00007f3d3672c000

CodeCache: size=245760Kb used=14055Kb max_used=14056Kb free=231704Kb
 bounds [0x00007f3d21000000, 0x00007f3d21df0000, 0x00007f3d30000000]
 total_blobs=4977 nmethods=4483 adapters=408
 compilation: enabled

Compilation events (10 events):
Event: 23,068 Thread 0x00007f3d300bf000 4680       3       org.jetbrains.kotlin.load.java.BuiltinMethodsWithDifferentJvmName::getORIGINAL_SHORT_NAMES (4 bytes)
Event: 23,068 Thread 0x00007f3d300bf000 nmethod 4680 0x00007f3d213dbb50 code [0x00007f3d213dbcc0, 0x00007f3d213dbe10]
Event: 23,068 Thread 0x00007f3d300bf000 4681       3       org.jetbrains.kotlin.codegen.FunctionCodegen::generateBridges (433 bytes)
Event: 23,076 Thread 0x00007f3d300ba800 nmethod 4672 0x00007f3d21153c50 code [0x00007f3d21153e40, 0x00007f3d211543e8]
Event: 23,079 Thread 0x00007f3d300ba800 4684       4       org.jetbrains.kotlin.resolve.calls.callResolverUtil.CallResolverUtilKt::isOrOverridesSynthesized (121 bytes)
Event: 23,081 Thread 0x00007f3d300bf000 nmethod 4681 0x00007f3d212051d0 code [0x00007f3d212057a0, 0x00007f3d21208d38]
Event: 23,081 Thread 0x00007f3d300bf000 4683       3       org.jetbrains.kotlin.backend.common.bridges.BridgesKt::generateBridges (502 bytes)
Event: 23,088 Thread 0x00007f3d300bf000 nmethod 4683 0x00007f3d21ddb1d0 code [0x00007f3d21ddb7a0, 0x00007f3d21ddf1c8]
Event: 23,088 Thread 0x00007f3d300bf000 4682       3       org.jetbrains.kotlin.backend.common.bridges.ImplKt$generateBridgesForFunctionDescriptor$1::<init> (11 bytes)
Event: 23,088 Thread 0x00007f3d300bf000 nmethod 4682 0x00007f3d21204d50 code [0x00007f3d21204ec0, 0x00007f3d212050f0]

GC Heap History (10 events):
Event: 8,622 GC heap after
Heap after GC invocations=7 (full 2):
 PSYoungGen      total 36864K, used 5113K [0x00000000e0000000, 0x00000000e4400000, 0x0000000100000000)
  eden space 31744K, 0% used [0x00000000e0000000,0x00000000e0000000,0x00000000e1f00000)
  from space 5120K, 99% used [0x00000000e1f00000,0x00000000e23fe6f8,0x00000000e2400000)
  to   space 5120K, 0% used [0x00000000e3f00000,0x00000000e3f00000,0x00000000e4400000)
 ParOldGen       total 46080K, used 7675K [0x00000000a0000000, 0x00000000a2d00000, 0x00000000e0000000)
  object space 46080K, 16% used [0x00000000a0000000,0x00000000a077ee78,0x00000000a2d00000)
 Metaspace       used 25014K, capacity 25504K, committed 25648K, reserved 1071104K
  class space    used 3198K, capacity 3347K, committed 3376K, reserved 1048576K
}
Event: 10,403 GC heap before
{Heap before GC invocations=8 (full 2):
 PSYoungGen      total 36864K, used 36857K [0x00000000e0000000, 0x00000000e4400000, 0x0000000100000000)
  eden space 31744K, 100% used [0x00000000e0000000,0x00000000e1f00000,0x00000000e1f00000)
  from space 5120K, 99% used [0x00000000e1f00000,0x00000000e23fe6f8,0x00000000e2400000)
  to   space 5120K, 0% used [0x00000000e3f00000,0x00000000e3f00000,0x00000000e4400000)
 ParOldGen       total 46080K, used 7675K [0x00000000a0000000, 0x00000000a2d00000, 0x00000000e0000000)
  object space 46080K, 16% used [0x00000000a0000000,0x00000000a077ee78,0x00000000a2d00000)
 Metaspace       used 30393K, capacity 30814K, committed 31280K, reserved 1077248K
  class space    used 3877K, capacity 4024K, committed 4144K, reserved 1048576K
Event: 10,441 GC heap after
Heap after GC invocations=8 (full 2):
 PSYoungGen      total 55808K, used 5105K [0x00000000e0000000, 0x00000000e5400000, 0x0000000100000000)
  eden space 50688K, 0% used [0x00000000e0000000,0x00000000e0000000,0x00000000e3180000)
  from space 5120K, 99% used [0x00000000e3f00000,0x00000000e43fc518,0x00000000e4400000)
  to   space 13824K, 0% used [0x00000000e3180000,0x00000000e3180000,0x00000000e3f00000)
 ParOldGen       total 46080K, used 14869K [0x00000000a0000000, 0x00000000a2d00000, 0x00000000e0000000)
  object space 46080K, 32% used [0x00000000a0000000,0x00000000a0e85708,0x00000000a2d00000)
 Metaspace       used 30393K, capacity 30814K, committed 31280K, reserved 1077248K
  class space    used 3877K, capacity 4024K, committed 4144K, reserved 1048576K
}
Event: 12,190 GC heap before
{Heap before GC invocations=9 (full 2):
 PSYoungGen      total 55808K, used 30395K [0x00000000e0000000, 0x00000000e5400000, 0x0000000100000000)
  eden space 50688K, 49% used [0x00000000e0000000,0x00000000e18b2ad8,0x00000000e3180000)
  from space 5120K, 99% used [0x00000000e3f00000,0x00000000e43fc518,0x00000000e4400000)
  to   space 13824K, 0% used [0x00000000e3180000,0x00000000e3180000,0x00000000e3f00000)
 ParOldGen       total 46080K, used 14869K [0x00000000a0000000, 0x00000000a2d00000, 0x00000000e0000000)
  object space 46080K, 32% used [0x00000000a0000000,0x00000000a0e85708,0x00000000a2d00000)
 Metaspace       used 34755K, capacity 35242K, committed 35496K, reserved 1081344K
  class space    used 4389K, capacity 4528K, committed 4528K, reserved 1048576K
Event: 12,226 GC heap after
Heap after GC invocations=9 (full 2):
 PSYoungGen      total 64512K, used 11231K [0x00000000e0000000, 0x00000000e7680000, 0x0000000100000000)
  eden space 50688K, 0% used [0x00000000e0000000,0x00000000e0000000,0x00000000e3180000)
  from space 13824K, 81% used [0x00000000e3180000,0x00000000e3c77eb0,0x00000000e3f00000)
  to   space 14848K, 0% used [0x00000000e6800000,0x00000000e6800000,0x00000000e7680000)
 ParOldGen       total 46080K, used 14929K [0x00000000a0000000, 0x00000000a2d00000, 0x00000000e0000000)
  object space 46080K, 32% used [0x00000000a0000000,0x00000000a0e945d0,0x00000000a2d00000)
 Metaspace       used 34755K, capacity 35242K, committed 35496K, reserved 1081344K
  class space    used 4389K, capacity 4528K, committed 4528K, reserved 1048576K
}
Event: 12,226 GC heap before
{Heap before GC invocations=10 (full 3):
 PSYoungGen      total 64512K, used 11231K [0x00000000e0000000, 0x00000000e7680000, 0x0000000100000000)
  eden space 50688K, 0% used [0x00000000e0000000,0x00000000e0000000,0x00000000e3180000)
  from space 13824K, 81% used [0x00000000e3180000,0x00000000e3c77eb0,0x00000000e3f00000)
  to   space 14848K, 0% used [0x00000000e6800000,0x00000000e6800000,0x00000000e7680000)
 ParOldGen       total 46080K, used 14929K [0x00000000a0000000, 0x00000000a2d00000, 0x00000000e0000000)
  object space 46080K, 32% used [0x00000000a0000000,0x00000000a0e945d0,0x00000000a2d00000)
 Metaspace       used 34755K, capacity 35242K, committed 35496K, reserved 1081344K
  class space    used 4389K, capacity 4528K, committed 4528K, reserved 1048576K
Event: 12,485 GC heap after
Heap after GC invocations=10 (full 3):
 PSYoungGen      total 64512K, used 0K [0x00000000e0000000, 0x00000000e7680000, 0x0000000100000000)
  eden space 50688K, 0% used [0x00000000e0000000,0x00000000e0000000,0x00000000e3180000)
  from space 13824K, 0% used [0x00000000e3180000,0x00000000e3180000,0x00000000e3f00000)
  to   space 14848K, 0% used [0x00000000e6800000,0x00000000e6800000,0x00000000e7680000)
 ParOldGen       total 72704K, used 17055K [0x00000000a0000000, 0x00000000a4700000, 0x00000000e0000000)
  object space 72704K, 23% used [0x00000000a0000000,0x00000000a10a7da8,0x00000000a4700000)
 Metaspace       used 34755K, capacity 35242K, committed 35496K, reserved 1081344K
  class space    used 4389K, capacity 4528K, committed 4528K, reserved 1048576K
}
Event: 15,132 GC heap before
{Heap before GC invocations=11 (full 3):
 PSYoungGen      total 64512K, used 50688K [0x00000000e0000000, 0x00000000e7680000, 0x0000000100000000)
  eden space 50688K, 100% used [0x00000000e0000000,0x00000000e3180000,0x00000000e3180000)
  from space 13824K, 0% used [0x00000000e3180000,0x00000000e3180000,0x00000000e3f00000)
  to   space 14848K, 0% used [0x00000000e6800000,0x00000000e6800000,0x00000000e7680000)
 ParOldGen       total 72704K, used 17055K [0x00000000a0000000, 0x00000000a4700000, 0x00000000e0000000)
  object space 72704K, 23% used [0x00000000a0000000,0x00000000a10a7da8,0x00000000a4700000)
 Metaspace       used 37970K, capacity 38500K, committed 39080K, reserved 1083392K
  class space    used 4759K, capacity 4925K, committed 5040K, reserved 1048576K
Event: 15,194 GC heap after
Heap after GC invocations=11 (full 3):
 PSYoungGen      total 96256K, used 14684K [0x00000000e0000000, 0x00000000e7680000, 0x0000000100000000)
  eden space 81408K, 0% used [0x00000000e0000000,0x00000000e0000000,0x00000000e4f80000)
  from space 14848K, 98% used [0x00000000e6800000,0x00000000e76573a8,0x00000000e7680000)
  to   space 17408K, 0% used [0x00000000e5480000,0x00000000e5480000,0x00000000e6580000)
 ParOldGen       total 72704K, used 17063K [0x00000000a0000000, 0x00000000a4700000, 0x00000000e0000000)
  object space 72704K, 23% used [0x00000000a0000000,0x00000000a10a9da8,0x00000000a4700000)
 Metaspace       used 37970K, capacity 38500K, committed 39080K, reserved 1083392K
  class space    used 4759K, capacity 4925K, committed 5040K, reserved 1048576K
}
Event: 23,109 GC heap before
{Heap before GC invocations=12 (full 3):
 PSYoungGen      total 96256K, used 96092K [0x00000000e0000000, 0x00000000e7680000, 0x0000000100000000)
  eden space 81408K, 100% used [0x00000000e0000000,0x00000000e4f80000,0x00000000e4f80000)
  from space 14848K, 98% used [0x00000000e6800000,0x00000000e76573a8,0x00000000e7680000)
  to   space 17408K, 0% used [0x00000000e5480000,0x00000000e5480000,0x00000000e6580000)
 ParOldGen       total 72704K, used 17063K [0x00000000a0000000, 0x00000000a4700000, 0x00000000e0000000)
  object space 72704K, 23% used [0x00000000a0000000,0x00000000a10a9da8,0x00000000a4700000)
 Metaspace       used 47677K, capacity 48395K, committed 48936K, reserved 1091584K
  class space    used 5923K, capacity 6090K, committed 6192K, reserved 1048576K

Deoptimization events (10 events):
Event: 22,570 Thread 0x00007f3ce0003000 Uncommon trap: reason=bimorphic action=maybe_recompile pc=0x00007f3d2187b5f8 method=org.jetbrains.kotlin.gnu.trove.TIterator.hasNext()Z @ 1
Event: 22,592 Thread 0x00007f3ce0003000 Uncommon trap: reason=bimorphic action=maybe_recompile pc=0x00007f3d2187b5f8 method=org.jetbrains.kotlin.gnu.trove.TIterator.hasNext()Z @ 1
Event: 22,682 Thread 0x00007f3ce0003000 Uncommon trap: reason=bimorphic action=maybe_recompile pc=0x00007f3d2187b5f8 method=org.jetbrains.kotlin.gnu.trove.TIterator.hasNext()Z @ 1
Event: 22,682 Thread 0x00007f3ce0003000 Uncommon trap: reason=bimorphic action=maybe_recompile pc=0x00007f3d2187b5f8 method=org.jetbrains.kotlin.gnu.trove.TIterator.hasNext()Z @ 1
Event: 22,987 Thread 0x00007f3ce0003000 Uncommon trap: reason=unstable_if action=reinterpret pc=0x00007f3d217aae74 method=org.jetbrains.kotlin.name.Name.hashCode()I @ 16
Event: 22,988 Thread 0x00007f3ce0003000 Uncommon trap: reason=class_check action=maybe_recompile pc=0x00007f3d21b6ceb8 method=org.jetbrains.kotlin.storage.LockBasedStorageManager$MapBasedMemoizedFunction.invoke(Ljava/lang/Object;)Ljava/lang/Object; @ 34
Event: 23,078 Thread 0x00007f3ce0003000 Uncommon trap: reason=bimorphic action=maybe_recompile pc=0x00007f3d211542e4 method=org.jetbrains.kotlin.resolve.calls.callResolverUtil.CallResolverUtilKt.isOrOverridesSynthesized(Lorg/jetbrains/kotlin/descriptors/CallableMemberDescriptor;)Z @ 8
Event: 23,078 Thread 0x00007f3ce0003000 Uncommon trap: reason=bimorphic action=maybe_recompile pc=0x00007f3d211542e4 method=org.jetbrains.kotlin.resolve.calls.callResolverUtil.CallResolverUtilKt.isOrOverridesSynthesized(Lorg/jetbrains/kotlin/descriptors/CallableMemberDescriptor;)Z @ 8
Event: 23,078 Thread 0x00007f3ce0003000 Uncommon trap: reason=bimorphic action=maybe_recompile pc=0x00007f3d211542e4 method=org.jetbrains.kotlin.resolve.calls.callResolverUtil.CallResolverUtilKt.isOrOverridesSynthesized(Lorg/jetbrains/kotlin/descriptors/CallableMemberDescriptor;)Z @ 8
Event: 23,078 Thread 0x00007f3ce0003000 Uncommon trap: reason=bimorphic action=maybe_recompile pc=0x00007f3d211542e4 method=org.jetbrains.kotlin.resolve.calls.callResolverUtil.CallResolverUtilKt.isOrOverridesSynthesized(Lorg/jetbrains/kotlin/descriptors/CallableMemberDescriptor;)Z @ 8

Classes redefined (0 events):
No events

Internal exceptions (10 events):
Event: 18,760 Thread 0x00007f3ce0003000 Exception <a 'java/lang/NoSuchMethodError': java.lang.Object.lambda$static$0(I)[Lorg/jetbrains/kotlin/com/intellij/psi/PsiMethod;> (0x00000000e354b480) thrown at [/usr/local/google/buildbot/src/googleplex-android/openjdk/out/hotspot/src/share/vm/interpret
Event: 18,764 Thread 0x00007f3ce0003000 Exception <a 'java/lang/NoSuchMethodError': java.lang.Object.lambda$static$0(I)[Lorg/jetbrains/kotlin/com/intellij/psi/PsiField;> (0x00000000e3556430) thrown at [/usr/local/google/buildbot/src/googleplex-android/openjdk/out/hotspot/src/share/vm/interprete
Event: 18,835 Thread 0x00007f3ce0003000 Exception <a 'java/lang/NoSuchMethodError': java.lang.Object.lambda$static$0(I)[Lorg/jetbrains/kotlin/com/intellij/psi/PsiJavaCodeReferenceElement;> (0x00000000e3632bc0) thrown at [/usr/local/google/buildbot/src/googleplex-android/openjdk/out/hotspot/src/
Event: 19,303 Thread 0x00007f3ce0003000 Implicit null exception at 0x00007f3d2168ad0c to 0x00007f3d2168adc1
Event: 19,604 Thread 0x00007f3ce0003000 Implicit null exception at 0x00007f3d2127eaf5 to 0x00007f3d2127ecd1
Event: 19,653 Thread 0x00007f3ce0003000 Implicit null exception at 0x00007f3d217c8b81 to 0x00007f3d217c8f61
Event: 19,653 Thread 0x00007f3ce0003000 Implicit null exception at 0x00007f3d21703fc5 to 0x00007f3d21704331
Event: 19,653 Thread 0x00007f3ce0003000 Implicit null exception at 0x00007f3d216f268c to 0x00007f3d216f26f6
Event: 21,058 Thread 0x00007f3ce0003000 Exception <a 'java/lang/NoSuchMethodError': java.lang.Object.lambda$static$0(Ljava/lang/Throwable;Ljava/lang/String;)V> (0x00000000e45173d8) thrown at [/usr/local/google/buildbot/src/googleplex-android/openjdk/out/hotspot/src/share/vm/interpreter/linkReso
Event: 22,966 Thread 0x00007f3ce0003000 Exception <a 'java/lang/NoSuchMethodError': java.lang.Object.lambda$static$0(Lorg/jetbrains/kotlin/descriptors/ValueParameterDescriptor;Lorg/jetbrains/kotlin/codegen/ExpressionCodegen;)Lorg/jetbrains/kotlin/codegen/StackValue;> (0x00000000e4d19a18) thrown

Events (10 events):
Event: 23,078 Thread 0x00007f3ce0003000 Uncommon trap: trap_request=0xffffffc6 fr.pc=0x00007f3d211542e4
Event: 23,078 Thread 0x00007f3ce0003000 DEOPT PACKING pc=0x00007f3d211542e4 sp=0x00007f3d11e53260
Event: 23,078 Thread 0x00007f3ce0003000 DEOPT UNPACKING pc=0x00007f3d2104547a sp=0x00007f3d11e53218 mode 2
Event: 23,078 Thread 0x00007f3ce0003000 Uncommon trap: trap_request=0xffffffc6 fr.pc=0x00007f3d211542e4
Event: 23,078 Thread 0x00007f3ce0003000 DEOPT PACKING pc=0x00007f3d211542e4 sp=0x00007f3d11e532f0
Event: 23,078 Thread 0x00007f3ce0003000 DEOPT UNPACKING pc=0x00007f3d2104547a sp=0x00007f3d11e532a0 mode 2
Event: 23,078 Thread 0x00007f3ce0003000 Uncommon trap: trap_request=0xffffffc6 fr.pc=0x00007f3d211542e4
Event: 23,078 Thread 0x00007f3ce0003000 DEOPT PACKING pc=0x00007f3d211542e4 sp=0x00007f3d11e53260
Event: 23,078 Thread 0x00007f3ce0003000 DEOPT UNPACKING pc=0x00007f3d2104547a sp=0x00007f3d11e53218 mode 2
Event: 23,091 Executing VM operation: ParallelGCFailedAllocation


Dynamic libraries:
00400000-00401000 r-xp 00000000 08:03 7218365                            /home/maksim/android-studio/jre/jre/bin/java
00401000-00402000 rw-p 00000000 08:03 7218365                            /home/maksim/android-studio/jre/jre/bin/java
01b58000-01b79000 rw-p 00000000 00:00 0                                  [heap]
a0000000-a4700000 rw-p 00000000 00:00 0 
a4700000-e0000000 ---p 00000000 00:00 0 
e0000000-e7680000 rw-p 00000000 00:00 0 
ead80000-100000000 ---p 00000000 00:00 0 
100000000-10060c000 rw-p 00000000 00:00 0 
10060c000-140000000 ---p 00000000 00:00 0 
7f3cbc000000-7f3cbce60000 rw-p 00000000 00:00 0 
7f3cbce60000-7f3cc0000000 ---p 00000000 00:00 0 
7f3cc4000000-7f3cc4021000 rw-p 00000000 00:00 0 
7f3cc4021000-7f3cc8000000 ---p 00000000 00:00 0 
7f3cc8000000-7f3cc8021000 rw-p 00000000 00:00 0 
7f3cc8021000-7f3ccc000000 ---p 00000000 00:00 0 
7f3ccc000000-7f3ccc021000 rw-p 00000000 00:00 0 
7f3ccc021000-7f3cd0000000 ---p 00000000 00:00 0 
7f3cd0000000-7f3cd0021000 rw-p 00000000 00:00 0 
7f3cd0021000-7f3cd4000000 ---p 00000000 00:00 0 
7f3cd4000000-7f3cd4021000 rw-p 00000000 00:00 0 
7f3cd4021000-7f3cd8000000 ---p 00000000 00:00 0 
7f3cd8000000-7f3cd8021000 rw-p 00000000 00:00 0 
7f3cd8021000-7f3cdc000000 ---p 00000000 00:00 0 
7f3cdc000000-7f3cdc021000 rw-p 00000000 00:00 0 
7f3cdc021000-7f3ce0000000 ---p 00000000 00:00 0 
7f3ce0000000-7f3ce0021000 rw-p 00000000 00:00 0 
7f3ce0021000-7f3ce4000000 ---p 00000000 00:00 0 
7f3ce4000000-7f3ce59a4000 rw-p 00000000 00:00 0 
7f3ce59a4000-7f3ce8000000 ---p 00000000 00:00 0 
7f3ce8000000-7f3ce8021000 rw-p 00000000 00:00 0 
7f3ce8021000-7f3cec000000 ---p 00000000 00:00 0 
7f3cec000000-7f3cec021000 rw-p 00000000 00:00 0 
7f3cec021000-7f3cf0000000 ---p 00000000 00:00 0 
7f3cf0000000-7f3cf0874000 rw-p 00000000 00:00 0 
7f3cf0874000-7f3cf4000000 ---p 00000000 00:00 0 
7f3cf4000000-7f3cf4911000 rw-p 00000000 00:00 0 
7f3cf4911000-7f3cf8000000 ---p 00000000 00:00 0 
7f3cfba00000-7f3cfbbc0000 rw-p 00000000 00:00 0 
7f3cfbbc0000-7f3cfbc00000 ---p 00000000 00:00 0 
7f3cfbc00000-7f3cfbe00000 rw-p 00000000 00:00 0 
7f3cfbe00000-7f3cfc000000 rw-p 00000000 00:00 0 
7f3cfc000000-7f3cfc021000 rw-p 00000000 00:00 0 
7f3cfc021000-7f3d00000000 ---p 00000000 00:00 0 
7f3d00000000-7f3d00021000 rw-p 00000000 00:00 0 
7f3d00021000-7f3d04000000 ---p 00000000 00:00 0 
7f3d04000000-7f3d04021000 rw-p 00000000 00:00 0 
7f3d04021000-7f3d08000000 ---p 00000000 00:00 0 
7f3d08000000-7f3d082c3000 rw-p 00000000 00:00 0 
7f3d082c3000-7f3d0c000000 ---p 00000000 00:00 0 
7f3d0c000000-7f3d0c02a000 rw-p 00000000 00:00 0 
7f3d0c02a000-7f3d10000000 ---p 00000000 00:00 0 
7f3d10186000-7f3d10386000 rw-p 00000000 00:00 0 
7f3d10386000-7f3d10586000 rw-p 00000000 00:00 0 
7f3d10586000-7f3d10784000 rw-p 00000000 00:00 0 
7f3d10784000-7f3d10786000 ---p 00000000 00:00 0 
7f3d10786000-7f3d10986000 rw-p 00000000 00:00 0 
7f3d10986000-7f3d10b86000 rw-p 00000000 00:00 0 
7f3d10b86000-7f3d10d86000 rw-p 00000000 00:00 0 
7f3d10d86000-7f3d10e92000 r--s 01b1a000 08:03 7625902                    /home/maksim/Android/Sdk/platforms/android-27/android.jar
7f3d10f38000-7f3d10f44000 r--s 00080000 08:03 7517927                    /home/maksim/.gradle/caches/transforms-1/files-1.1/support-compat-27.1.1.aar/ec6fe8837c77e36297d6e66393494561/jars/classes.jar
7f3d10f44000-7f3d11144000 rw-p 00000000 00:00 0 
7f3d11144000-7f3d11344000 rw-p 00000000 00:00 0 
7f3d11344000-7f3d11544000 rw-p 00000000 00:00 0 
7f3d11544000-7f3d11557000 r--s 00345000 08:03 7218249                    /home/maksim/android-studio/jre/jre/lib/resources.jar
7f3d11557000-7f3d11757000 rw-p 00000000 00:00 0 
7f3d11757000-7f3d11957000 rw-p 00000000 00:00 0 
7f3d11957000-7f3d11b57000 rw-p 00000000 00:00 0 
7f3d11b57000-7f3d11d57000 rw-p 00000000 00:00 0 
7f3d11d57000-7f3d11d5a000 ---p 00000000 00:00 0 
7f3d11d5a000-7f3d11e58000 rw-p 00000000 00:00 0 
7f3d11e58000-7f3d11e5b000 ---p 00000000 00:00 0 
7f3d11e5b000-7f3d12159000 rw-p 00000000 00:00 0 
7f3d12159000-7f3d1215c000 ---p 00000000 00:00 0 
7f3d1215c000-7f3d1225a000 rw-p 00000000 00:00 0 
7f3d1225a000-7f3d1225d000 ---p 00000000 00:00 0 
7f3d1225d000-7f3d1235b000 rw-p 00000000 00:00 0 
7f3d1235b000-7f3d1235e000 ---p 00000000 00:00 0 
7f3d1235e000-7f3d1245c000 rw-p 00000000 00:00 0 
7f3d1245c000-7f3d124d6000 r--s 01102000 08:03 7218375                    /home/maksim/android-studio/jre/lib/tools.jar
7f3d124d6000-7f3d124d9000 ---p 00000000 00:00 0 
7f3d124d9000-7f3d125d7000 rw-p 00000000 00:00 0 
7f3d125d7000-7f3d125da000 ---p 00000000 00:00 0 
7f3d125da000-7f3d126d8000 rw-p 00000000 00:00 0 
7f3d126d8000-7f3d126db000 ---p 00000000 00:00 0 
7f3d126db000-7f3d127d9000 rw-p 00000000 00:00 0 
7f3d127d9000-7f3d127f4000 r--s 00394000 08:03 7257521                    /home/maksim/android-studio/jre/jre/lib/ext/cldrdata.jar
7f3d127f4000-7f3d12828000 r--s 00245000 08:03 7995647                    /home/maksim/.gradle/caches/modules-2/files-2.1/org.jetbrains.kotlin/kotlin-reflect/1.2.30/9758025a415ee400e1f90ff222bcfec247779133/kotlin-reflect-1.2.30.jar
7f3d12828000-7f3d129de000 r--s 017ec000 08:03 7878109                    /home/maksim/.gradle/caches/modules-2/files-2.1/org.jetbrains.kotlin/kotlin-compiler-embeddable/1.2.30/9b3f10d4717b9ac238b287e9b6eb2b4eadd8e870/kotlin-compiler-embeddable-1.2.30.jar
7f3d129de000-7f3d129df000 ---p 00000000 00:00 0 
7f3d129df000-7f3d12adf000 rw-p 00000000 00:00 0 
7f3d12adf000-7f3d12ae2000 ---p 00000000 00:00 0 
7f3d12ae2000-7f3d12be0000 rw-p 00000000 00:00 0 
7f3d12be0000-7f3d12be1000 ---p 00000000 00:00 0 
7f3d12be1000-7f3d12be4000 ---p 00000000 00:00 0 
7f3d12be4000-7f3d12ce1000 rw-p 00000000 00:00 0 
7f3d12ce1000-7f3d12ce2000 ---p 00000000 00:00 0 
7f3d12ce2000-7f3d12ce5000 ---p 00000000 00:00 0 
7f3d12ce5000-7f3d12de2000 rw-p 00000000 00:00 0 
7f3d12de2000-7f3d12de3000 ---p 00000000 00:00 0 
7f3d12de3000-7f3d12de6000 ---p 00000000 00:00 0 
7f3d12de6000-7f3d12ee3000 rw-p 00000000 00:00 0 
7f3d12ee3000-7f3d12ee6000 ---p 00000000 00:00 0 
7f3d12ee6000-7f3d12fe4000 rw-p 00000000 00:00 0 
7f3d12fe4000-7f3d133f4000 r--p 00000000 08:02 3409050                    /usr/lib/locale/locale-archive
7f3d133f4000-7f3d133f7000 ---p 00000000 00:00 0 
7f3d133f7000-7f3d134f5000 rw-p 00000000 00:00 0 
7f3d134f5000-7f3d134f8000 ---p 00000000 00:00 0 
7f3d134f8000-7f3d135f6000 rw-p 00000000 00:00 0 
7f3d135f6000-7f3d135f7000 ---p 00000000 00:00 0 
7f3d135f7000-7f3d14000000 rw-p 00000000 00:00 0 
7f3d14000000-7f3d14021000 rw-p 00000000 00:00 0 
7f3d14021000-7f3d18000000 ---p 00000000 00:00 0 
7f3d18002000-7f3d18006000 r--s 00043000 08:03 7517805                    /home/maksim/.gradle/caches/transforms-1/files-1.1/support-core-ui-27.1.1.aar/6a4bd7ac86e16f1071ed02dcf599a2af/jars/classes.jar
7f3d18006000-7f3d18011000 r--s 000a0000 08:03 7626452                    /home/maksim/.gradle/caches/transforms-1/files-1.1/appcompat-v7-27.1.1.aar/9717abd3ef3bdc0c43352c918120c7b6/jars/classes.jar
7f3d18011000-7f3d18027000 r-xp 00000000 08:03 7218319                    /home/maksim/android-studio/jre/jre/lib/amd64/libnet.so
7f3d18027000-7f3d18028000 rw-p 00016000 08:03 7218319                    /home/maksim/android-studio/jre/jre/lib/amd64/libnet.so
7f3d18028000-7f3d1862e000 rw-p 00000000 00:00 0 
7f3d1862e000-7f3d18800000 r--s 03cad000 08:03 7218253                    /home/maksim/android-studio/jre/jre/lib/rt.jar
7f3d18800000-7f3d19000000 rw-p 00000000 00:00 0 
7f3d19000000-7f3d1c000000 rw-p 00000000 00:00 0 
7f3d1c000000-7f3d1c021000 rw-p 00000000 00:00 0 
7f3d1c021000-7f3d20000000 ---p 00000000 00:00 0 
7f3d20001000-7f3d20004000 r--s 00017000 08:03 7517800                    /home/maksim/.gradle/caches/transforms-1/files-1.1/support-core-utils-27.1.1.aar/0b043008fde5439a216741e91d2a7108/jars/classes.jar
7f3d20004000-7f3d20008000 r--s 00029000 08:03 7517796                    /home/maksim/.gradle/caches/transforms-1/files-1.1/support-fragment-27.1.1.aar/4a77f73b7aa38841290119b5bbb262a4/jars/classes.jar
7f3d20008000-7f3d2000b000 r--s 00019000 08:03 9044035                    /home/maksim/.gradle/caches/modules-2/files-2.1/com.android.support.constraint/constraint-layout-solver/1.1.0/931532e953a477f876f2de18c2e7f16eee01078f/constraint-layout-solver-1.1.0.jar
7f3d2000d000-7f3d2000f000 r--s 00005000 08:03 9047005                    /home/maksim/.gradle/caches/modules-2/files-2.1/com.android.support/support-annotations/27.1.1/39ded76b5e1ce1c5b2688e1d25cdc20ecee32007/support-annotations-27.1.1.jar
7f3d2000f000-7f3d2001f000 r-xp 00000000 08:03 7218303                    /home/maksim/android-studio/jre/jre/lib/amd64/libnio.so
7f3d2001f000-7f3d20020000 rw-p 00010000 08:03 7218303                    /home/maksim/android-studio/jre/jre/lib/amd64/libnio.so
7f3d20020000-7f3d2002f000 r--s 000d7000 08:03 8126882                    /home/maksim/.gradle/caches/modules-2/files-2.1/org.jetbrains.kotlin/kotlin-stdlib/1.2.30/2dfac33f8b4e92c9dd1422cd286834701a6f6d6/kotlin-stdlib-1.2.30.jar
7f3d2002f000-7f3d2043c000 rw-p 00000000 00:00 0 
7f3d2043c000-7f3d2043d000 ---p 00000000 00:00 0 
7f3d2043d000-7f3d2053d000 rw-p 00000000 00:00 0 
7f3d2053d000-7f3d2053e000 ---p 00000000 00:00 0 
7f3d2053e000-7f3d2063e000 rw-p 00000000 00:00 0 
7f3d2063e000-7f3d2063f000 ---p 00000000 00:00 0 
7f3d2063f000-7f3d20763000 rw-p 00000000 00:00 0 
7f3d20763000-7f3d2093f000 ---p 00000000 00:00 0 
7f3d2093f000-7f3d20963000 rw-p 00000000 00:00 0 
7f3d20963000-7f3d20b3f000 ---p 00000000 00:00 0 
7f3d20b3f000-7f3d20b7b000 rw-p 00000000 00:00 0 
7f3d20b7b000-7f3d20c3f000 ---p 00000000 00:00 0 
7f3d20c3f000-7f3d20c78000 rw-p 00000000 00:00 0 
7f3d20c78000-7f3d21000000 ---p 00000000 00:00 0 
7f3d21000000-7f3d21df0000 rwxp 00000000 00:00 0 
7f3d21df0000-7f3d30000000 ---p 00000000 00:00 0 
7f3d30000000-7f3d30431000 rw-p 00000000 00:00 0 
7f3d30431000-7f3d34000000 ---p 00000000 00:00 0 
7f3d34000000-7f3d34001000 r--s 00000000 08:03 8913255                    /home/maksim/.gradle/caches/modules-2/files-2.1/org.jetbrains.kotlin/kotlin-stdlib-jre7/1.2.30/b38fc19e670ebef931fef3ccdcb94eac2b65bb7d/kotlin-stdlib-jre7-1.2.30.jar
7f3d34001000-7f3d34002000 r--s 00002000 08:03 9047009                    /home/maksim/.gradle/caches/modules-2/files-2.1/android.arch.core/common/1.1.0/8007981f7d7540d89cd18471b8e5dcd2b4f99167/common-1.1.0.jar
7f3d34002000-7f3d34003000 r--s 00001000 08:03 7517941                    /home/maksim/.gradle/caches/transforms-1/files-1.1/runtime-1.1.0.aar/ab0cd58903938e90c826ca28b386b04f/jars/classes.jar
7f3d34003000-7f3d34005000 r--s 00004000 08:03 9047011                    /home/maksim/.gradle/caches/modules-2/files-2.1/android.arch.lifecycle/common/1.1.0/edf3f7bfb84a7521d0599efa3b0113a0ee90f85/common-1.1.0.jar
7f3d34005000-7f3d34006000 r--s 00002000 08:03 7517938                    /home/maksim/.gradle/caches/transforms-1/files-1.1/runtime-1.1.0.aar/f70384bf2ac20efb1a41a1b19c481e1e/jars/classes.jar
7f3d34006000-7f3d3400d000 r--s 00048000 08:03 7995645                    /home/maksim/.gradle/caches/modules-2/files-2.1/org.jetbrains.kotlin/kotlin-android-extensions/1.2.30/680ff8d567db8dec157cd9344f0a1d2b5e4d651b/kotlin-android-extensions-1.2.30.jar
7f3d3400d000-7f3d340de000 rw-p 00000000 00:00 0 
7f3d340de000-7f3d340df000 ---p 00000000 00:00 0 
7f3d340df000-7f3d341df000 rw-p 00000000 00:00 0 
7f3d341df000-7f3d341ea000 r-xp 00000000 08:02 528493                     /lib/x86_64-linux-gnu/libnss_files-2.27.so
7f3d341ea000-7f3d343e9000 ---p 0000b000 08:02 528493                     /lib/x86_64-linux-gnu/libnss_files-2.27.so
7f3d343e9000-7f3d343ea000 r--p 0000a000 08:02 528493                     /lib/x86_64-linux-gnu/libnss_files-2.27.so
7f3d343ea000-7f3d343eb000 rw-p 0000b000 08:02 528493                     /lib/x86_64-linux-gnu/libnss_files-2.27.so
7f3d343eb000-7f3d343f1000 rw-p 00000000 00:00 0 
7f3d343f1000-7f3d34408000 r-xp 00000000 08:02 528487                     /lib/x86_64-linux-gnu/libnsl-2.27.so
7f3d34408000-7f3d34607000 ---p 00017000 08:02 528487                     /lib/x86_64-linux-gnu/libnsl-2.27.so
7f3d34607000-7f3d34608000 r--p 00016000 08:02 528487                     /lib/x86_64-linux-gnu/libnsl-2.27.so
7f3d34608000-7f3d34609000 rw-p 00017000 08:02 528487                     /lib/x86_64-linux-gnu/libnsl-2.27.so
7f3d34609000-7f3d3460b000 rw-p 00000000 00:00 0 
7f3d3460b000-7f3d34616000 r-xp 00000000 08:02 528504                     /lib/x86_64-linux-gnu/libnss_nis-2.27.so
7f3d34616000-7f3d34815000 ---p 0000b000 08:02 528504                     /lib/x86_64-linux-gnu/libnss_nis-2.27.so
7f3d34815000-7f3d34816000 r--p 0000a000 08:02 528504                     /lib/x86_64-linux-gnu/libnss_nis-2.27.so
7f3d34816000-7f3d34817000 rw-p 0000b000 08:02 528504                     /lib/x86_64-linux-gnu/libnss_nis-2.27.so
7f3d34817000-7f3d3481f000 r-xp 00000000 08:02 528489                     /lib/x86_64-linux-gnu/libnss_compat-2.27.so
7f3d3481f000-7f3d34a1f000 ---p 00008000 08:02 528489                     /lib/x86_64-linux-gnu/libnss_compat-2.27.so
7f3d34a1f000-7f3d34a20000 r--p 00008000 08:02 528489                     /lib/x86_64-linux-gnu/libnss_compat-2.27.so
7f3d34a20000-7f3d34a21000 rw-p 00009000 08:02 528489                     /lib/x86_64-linux-gnu/libnss_compat-2.27.so
7f3d34a21000-7f3d34a28000 r-xp 00000000 08:02 528544                     /lib/x86_64-linux-gnu/librt-2.27.so
7f3d34a28000-7f3d34c27000 ---p 00007000 08:02 528544                     /lib/x86_64-linux-gnu/librt-2.27.so
7f3d34c27000-7f3d34c28000 r--p 00006000 08:02 528544                     /lib/x86_64-linux-gnu/librt-2.27.so
7f3d34c28000-7f3d34c29000 rw-p 00007000 08:02 528544                     /lib/x86_64-linux-gnu/librt-2.27.so
7f3d34c29000-7f3d34dc6000 r-xp 00000000 08:02 528466                     /lib/x86_64-linux-gnu/libm-2.27.so
7f3d34dc6000-7f3d34fc5000 ---p 0019d000 08:02 528466                     /lib/x86_64-linux-gnu/libm-2.27.so
7f3d34fc5000-7f3d34fc6000 r--p 0019c000 08:02 528466                     /lib/x86_64-linux-gnu/libm-2.27.so
7f3d34fc6000-7f3d34fc7000 rw-p 0019d000 08:02 528466                     /lib/x86_64-linux-gnu/libm-2.27.so
7f3d34fc7000-7f3d35bed000 r-xp 00000000 08:03 7218269                    /home/maksim/android-studio/jre/jre/lib/amd64/server/libjvm.so
7f3d35bed000-7f3d35cbd000 rw-p 00c26000 08:03 7218269                    /home/maksim/android-studio/jre/jre/lib/amd64/server/libjvm.so
7f3d35cbd000-7f3d35d01000 rw-p 00000000 00:00 0 
7f3d35d01000-7f3d35ee8000 r-xp 00000000 08:02 528403                     /lib/x86_64-linux-gnu/libc-2.27.so
7f3d35ee8000-7f3d360e8000 ---p 001e7000 08:02 528403                     /lib/x86_64-linux-gnu/libc-2.27.so
7f3d360e8000-7f3d360ec000 r--p 001e7000 08:02 528403                     /lib/x86_64-linux-gnu/libc-2.27.so
7f3d360ec000-7f3d360ee000 rw-p 001eb000 08:02 528403                     /lib/x86_64-linux-gnu/libc-2.27.so
7f3d360ee000-7f3d360f2000 rw-p 00000000 00:00 0 
7f3d360f2000-7f3d360f5000 r-xp 00000000 08:02 528426                     /lib/x86_64-linux-gnu/libdl-2.27.so
7f3d360f5000-7f3d362f4000 ---p 00003000 08:02 528426                     /lib/x86_64-linux-gnu/libdl-2.27.so
7f3d362f4000-7f3d362f5000 r--p 00002000 08:02 528426                     /lib/x86_64-linux-gnu/libdl-2.27.so
7f3d362f5000-7f3d362f6000 rw-p 00003000 08:02 528426                     /lib/x86_64-linux-gnu/libdl-2.27.so
7f3d362f6000-7f3d36310000 r-xp 00000000 08:02 528536                     /lib/x86_64-linux-gnu/libpthread-2.27.so
7f3d36310000-7f3d3650f000 ---p 0001a000 08:02 528536                     /lib/x86_64-linux-gnu/libpthread-2.27.so
7f3d3650f000-7f3d36510000 r--p 00019000 08:02 528536                     /lib/x86_64-linux-gnu/libpthread-2.27.so
7f3d36510000-7f3d36511000 rw-p 0001a000 08:02 528536                     /lib/x86_64-linux-gnu/libpthread-2.27.so
7f3d36511000-7f3d36515000 rw-p 00000000 00:00 0 
7f3d36515000-7f3d3653c000 r-xp 00000000 08:02 528375                     /lib/x86_64-linux-gnu/ld-2.27.so
7f3d3653c000-7f3d3653d000 r--s 00001000 08:03 7517934                    /home/maksim/.gradle/caches/transforms-1/files-1.1/viewmodel-1.1.0.aar/e4e8560b2a8b4bca42cfb5a97aa35491/jars/classes.jar
7f3d3653d000-7f3d36541000 r--s 000a1000 08:03 7218333                    /home/maksim/android-studio/jre/jre/lib/jsse.jar
7f3d36541000-7f3d36549000 r-xp 00000000 08:03 7218259                    /home/maksim/android-studio/jre/jre/lib/amd64/libmanagement.so
7f3d36549000-7f3d3654a000 rw-p 00007000 08:03 7218259                    /home/maksim/android-studio/jre/jre/lib/amd64/libmanagement.so
7f3d3654a000-7f3d365b1000 rw-p 00000000 00:00 0 
7f3d365b1000-7f3d365cc000 r-xp 00000000 08:03 7218317                    /home/maksim/android-studio/jre/jre/lib/amd64/libzip.so
7f3d365cc000-7f3d365cd000 rw-p 0001a000 08:03 7218317                    /home/maksim/android-studio/jre/jre/lib/amd64/libzip.so
7f3d365cd000-7f3d365f7000 r-xp 00000000 08:03 7218315                    /home/maksim/android-studio/jre/jre/lib/amd64/libjava.so
7f3d365f7000-7f3d365f9000 rw-p 0002a000 08:03 7218315                    /home/maksim/android-studio/jre/jre/lib/amd64/libjava.so
7f3d365f9000-7f3d365fa000 ---p 00000000 00:00 0 
7f3d365fa000-7f3d365fd000 ---p 00000000 00:00 0 
7f3d365fd000-7f3d366fc000 rw-p 00000000 00:00 0 
7f3d366fc000-7f3d36712000 r-xp 00000000 08:03 7218321                    /home/maksim/android-studio/jre/jre/lib/amd64/jli/libjli.so
7f3d36712000-7f3d36713000 rw-p 00015000 08:03 7218321                    /home/maksim/android-studio/jre/jre/lib/amd64/jli/libjli.so
7f3d36713000-7f3d36715000 rw-p 00000000 00:00 0 
7f3d36715000-7f3d36717000 r--s 00003000 08:03 9044196                    /home/maksim/.gradle/caches/modules-2/files-2.1/org.jetbrains/annotations/13.0/919f0dfe192fb4e063e7dacadee7f8bb9a2672a9/annotations-13.0.jar
7f3d36717000-7f3d36721000 r--s 00116000 08:03 7218347                    /home/maksim/android-studio/jre/jre/lib/ext/localedata.jar
7f3d36721000-7f3d36723000 r--s 00008000 08:03 8913229                    /home/maksim/.gradle/caches/modules-2/files-2.1/org.jetbrains.kotlin/kotlin-script-runtime/1.2.30/37ee7531a636e99b639f8b1544cdda27d0ee30b0/kotlin-script-runtime-1.2.30.jar
7f3d36723000-7f3d3672b000 rw-s 00000000 08:02 3009232                    /tmp/hsperfdata_maksim/17116
7f3d3672b000-7f3d3672c000 rw-p 00000000 00:00 0 
7f3d3672c000-7f3d3672d000 ---p 00000000 00:00 0 
7f3d3672d000-7f3d3673a000 r-xp 00000000 08:03 7218281                    /home/maksim/android-studio/jre/jre/lib/amd64/libverify.so
7f3d3673a000-7f3d3673c000 rw-p 0000c000 08:03 7218281                    /home/maksim/android-studio/jre/jre/lib/amd64/libverify.so
7f3d3673c000-7f3d3673d000 r--p 00027000 08:02 528375                     /lib/x86_64-linux-gnu/ld-2.27.so
7f3d3673d000-7f3d3673e000 rw-p 00028000 08:02 528375                     /lib/x86_64-linux-gnu/ld-2.27.so
7f3d3673e000-7f3d3673f000 rw-p 00000000 00:00 0 
7ffcf1262000-7ffcf1283000 rw-p 00000000 00:00 0                          [stack]
7ffcf12ff000-7ffcf1302000 r--p 00000000 00:00 0                          [vvar]
7ffcf1302000-7ffcf1304000 r-xp 00000000 00:00 0                          [vdso]
ffffffffff600000-ffffffffff601000 r-xp 00000000 00:00 0                  [vsyscall]

VM Arguments:
jvm_args: -Djava.awt.headless=true -Djava.rmi.server.hostname=127.0.0.1 -Xmx1536m -Dkotlin.environment.keepalive 
java_command: org.jetbrains.kotlin.daemon.KotlinCompileDaemon --daemon-runFilesPath /home/maksim/.local/share/kotlin/daemon --daemon-autoshutdownIdleSeconds=7200 --daemon-compilerClasspath /home/maksim/.gradle/caches/modules-2/files-2.1/org.jetbrains.kotlin/kotlin-compiler-embeddable/1.2.30/9b3f10d4717b9ac238b287e9b6eb2b4eadd8e870/kotlin-compiler-embeddable-1.2.30.jar:/home/maksim/.gradle/caches/modules-2/files-2.1/org.jetbrains.kotlin/kotlin-stdlib/1.2.30/2dfac33f8b4e92c9dd1422cd286834701a6f6d6/kotlin-stdlib-1.2.30.jar:/home/maksim/.gradle/caches/modules-2/files-2.1/org.jetbrains.kotlin/kotlin-script-runtime/1.2.30/37ee7531a636e99b639f8b1544cdda27d0ee30b0/kotlin-script-runtime-1.2.30.jar:/home/maksim/.gradle/caches/modules-2/files-2.1/org.jetbrains.kotlin/kotlin-reflect/1.2.30/9758025a415ee400e1f90ff222bcfec247779133/kotlin-reflect-1.2.30.jar:/home/maksim/android-studio/jre/lib/tools.jar
java_class_path (initial): /home/maksim/.gradle/caches/modules-2/files-2.1/org.jetbrains.kotlin/kotlin-compiler-embeddable/1.2.30/9b3f10d4717b9ac238b287e9b6eb2b4eadd8e870/kotlin-compiler-embeddable-1.2.30.jar:/home/maksim/.gradle/caches/modules-2/files-2.1/org.jetbrains.kotlin/kotlin-stdlib/1.2.30/2dfac33f8b4e92c9dd1422cd286834701a6f6d6/kotlin-stdlib-1.2.30.jar:/home/maksim/.gradle/caches/modules-2/files-2.1/org.jetbrains.kotlin/kotlin-script-runtime/1.2.30/37ee7531a636e99b639f8b1544cdda27d0ee30b0/kotlin-script-runtime-1.2.30.jar:/home/maksim/.gradle/caches/modules-2/files-2.1/org.jetbrains.kotlin/kotlin-reflect/1.2.30/9758025a415ee400e1f90ff222bcfec247779133/kotlin-reflect-1.2.30.jar:/home/maksim/android-studio/jre/lib/tools.jar
Launcher Type: SUN_STANDARD

Environment Variables:
PATH=/usr/local/sbin:/usr/local/bin:/usr/sbin:/usr/bin:/sbin:/bin:/usr/games:/usr/local/games
SHELL=/bin/bash
DISPLAY=:0

Signal Handlers:
SIGSEGV: [libjvm.so+0xa09650], sa_mask[0]=11111111011111111101111111111110, sa_flags=SA_RESTART|SA_SIGINFO
SIGBUS: [libjvm.so+0xa09650], sa_mask[0]=11111111011111111101111111111110, sa_flags=SA_RESTART|SA_SIGINFO
SIGFPE: [libjvm.so+0x86bc60], sa_mask[0]=11111111011111111101111111111110, sa_flags=SA_RESTART|SA_SIGINFO
SIGPIPE: [libjvm.so+0x86bc60], sa_mask[0]=11111111011111111101111111111110, sa_flags=SA_RESTART|SA_SIGINFO
SIGXFSZ: [libjvm.so+0x86bc60], sa_mask[0]=11111111011111111101111111111110, sa_flags=SA_RESTART|SA_SIGINFO
SIGILL: [libjvm.so+0x86bc60], sa_mask[0]=11111111011111111101111111111110, sa_flags=SA_RESTART|SA_SIGINFO
SIGUSR1: SIG_DFL, sa_mask[0]=00000000000000000000000000000000, sa_flags=none
SIGUSR2: [libjvm.so+0x86bb30], sa_mask[0]=00100000000000000000000000000000, sa_flags=SA_RESTART|SA_SIGINFO
SIGHUP: [libjvm.so+0x86bd20], sa_mask[0]=11111111011111111101111111111110, sa_flags=SA_RESTART|SA_SIGINFO
SIGINT: [libjvm.so+0x86bd20], sa_mask[0]=11111111011111111101111111111110, sa_flags=SA_RESTART|SA_SIGINFO
SIGTERM: [libjvm.so+0x86bd20], sa_mask[0]=11111111011111111101111111111110, sa_flags=SA_RESTART|SA_SIGINFO
SIGQUIT: [libjvm.so+0x86bd20], sa_mask[0]=11111111011111111101111111111110, sa_flags=SA_RESTART|SA_SIGINFO


---------------  S Y S T E M  ---------------

OS:DISTRIB_ID=LinuxMint
DISTRIB_RELEASE=19.2
DISTRIB_CODENAME=tina
DISTRIB_DESCRIPTION="Linux Mint 19.2 Tina"

uname:Linux 4.15.0-60-generic #67-Ubuntu SMP Thu Aug 22 16:55:30 UTC 2019 x86_64
libc:glibc 2.27 NPTL 2.27 
rlimit: STACK 8192k, CORE 0k, NPROC 31012, NOFILE 4096, AS infinity
load average:6,63 2,57 1,57

/proc/meminfo:
MemTotal:        8040404 kB
MemFree:          106492 kB
MemAvailable:      14232 kB
Buffers:             512 kB
Cached:           676276 kB
SwapCached:          492 kB
Active:          6765400 kB
Inactive:         863240 kB
Active(anon):    6745708 kB
Inactive(anon):   843316 kB
Active(file):      19692 kB
Inactive(file):    19924 kB
Unevictable:           0 kB
Mlocked:               0 kB
SwapTotal:       2097148 kB
SwapFree:              0 kB
Dirty:               312 kB
Writeback:             0 kB
AnonPages:       6951904 kB
Mapped:           320848 kB
Shmem:            636660 kB
Slab:             110128 kB
SReclaimable:      55840 kB
SUnreclaim:        54288 kB
KernelStack:       15632 kB
PageTables:        67800 kB
NFS_Unstable:          0 kB
Bounce:                0 kB
WritebackTmp:          0 kB
CommitLimit:     6117348 kB
Committed_AS:   15222964 kB
VmallocTotal:   34359738367 kB
VmallocUsed:           0 kB
VmallocChunk:          0 kB
HardwareCorrupted:     0 kB
AnonHugePages:         0 kB
ShmemHugePages:        0 kB
ShmemPmdMapped:        0 kB
CmaTotal:              0 kB
CmaFree:               0 kB
HugePages_Total:       0
HugePages_Free:        0
HugePages_Rsvd:        0
HugePages_Surp:        0
Hugepagesize:       2048 kB
DirectMap4k:      409588 kB
DirectMap2M:     7852032 kB
DirectMap1G:           0 kB

container (cgroup) information:
container_type: cgroupv1
cpu_cpuset_cpus: 0-3
cpu_memory_nodes: 0
active_processor_count: 4
cpu_quota: -1
cpu_period: 100000
cpu_shares: -1
memory_limit_in_bytes: -1
memory_and_swap_limit_in_bytes: -2
memory_soft_limit_in_bytes: -1
memory_usage_in_bytes: 7811612672
memory_max_usage_in_bytes: 2057670656


CPU:total 4 (initial active 4) (2 cores per cpu, 2 threads per core) family 6 model 78 stepping 3, cmov, cx8, fxsr, mmx, sse, sse2, sse3, ssse3, sse4.1, sse4.2, popcnt, avx, avx2, aes, clmul, erms, 3dnowpref, lzcnt, ht, tsc, tscinvbit, bmi1, bmi2, adx

/proc/cpuinfo:
processor	: 0
vendor_id	: GenuineIntel
cpu family	: 6
model		: 78
model name	: Intel(R) Core(TM) i3-6006U CPU @ 2.00GHz
stepping	: 3
microcode	: 0xcc
cpu MHz		: 1999.994
cache size	: 3072 KB
physical id	: 0
siblings	: 4
core id		: 0
cpu cores	: 2
apicid		: 0
initial apicid	: 0
fpu		: yes
fpu_exception	: yes
cpuid level	: 22
wp		: yes
flags		: fpu vme de pse tsc msr pae mce cx8 apic sep mtrr pge mca cmov pat pse36 clflush dts acpi mmx fxsr sse sse2 ss ht tm pbe syscall nx pdpe1gb rdtscp lm constant_tsc art arch_perfmon pebs bts rep_good nopl xtopology nonstop_tsc cpuid aperfmperf tsc_known_freq pni pclmulqdq dtes64 monitor ds_cpl vmx est tm2 ssse3 sdbg fma cx16 xtpr pdcm pcid sse4_1 sse4_2 x2apic movbe popcnt tsc_deadline_timer aes xsave avx f16c rdrand lahf_lm abm 3dnowprefetch cpuid_fault epb invpcid_single pti ssbd ibrs ibpb stibp tpr_shadow vnmi flexpriority ept vpid fsgsbase tsc_adjust bmi1 avx2 smep bmi2 erms invpcid mpx rdseed adx smap clflushopt intel_pt xsaveopt xsavec xgetbv1 xsaves dtherm arat pln pts hwp hwp_notify hwp_act_window hwp_epp md_clear flush_l1d
bugs		: cpu_meltdown spectre_v1 spectre_v2 spec_store_bypass l1tf mds swapgs
bogomips	: 3984.00
clflush size	: 64
cache_alignment	: 64
address sizes	: 39 bits physical, 48 bits virtual
power management:

processor	: 1
vendor_id	: GenuineIntel
cpu family	: 6
model		: 78
model name	: Intel(R) Core(TM) i3-6006U CPU @ 2.00GHz
stepping	: 3
microcode	: 0xcc
cpu MHz		: 2000.000
cache size	: 3072 KB
physical id	: 0
siblings	: 4
core id		: 1
cpu cores	: 2
apicid		: 2
initial apicid	: 2
fpu		: yes
fpu_exception	: yes
cpuid level	: 22
wp		: yes
flags		: fpu vme de pse tsc msr pae mce cx8 apic sep mtrr pge mca cmov pat pse36 clflush dts acpi mmx fxsr sse sse2 ss ht tm pbe syscall nx pdpe1gb rdtscp lm constant_tsc art arch_perfmon pebs bts rep_good nopl xtopology nonstop_tsc cpuid aperfmperf tsc_known_freq pni pclmulqdq dtes64 monitor ds_cpl vmx est tm2 ssse3 sdbg fma cx16 xtpr pdcm pcid sse4_1 sse4_2 x2apic movbe popcnt tsc_deadline_timer aes xsave avx f16c rdrand lahf_lm abm 3dnowprefetch cpuid_fault epb invpcid_single pti ssbd ibrs ibpb stibp tpr_shadow vnmi flexpriority ept vpid fsgsbase tsc_adjust bmi1 avx2 smep bmi2 erms invpcid mpx rdseed adx smap clflushopt intel_pt xsaveopt xsavec xgetbv1 xsaves dtherm arat pln pts hwp hwp_notify hwp_act_window hwp_epp md_clear flush_l1d
bugs		: cpu_meltdown spectre_v1 spectre_v2 spec_store_bypass l1tf mds swapgs
bogomips	: 3984.00
clflush size	: 64
cache_alignment	: 64
address sizes	: 39 bits physical, 48 bits virtual
power management:

processor	: 2
vendor_id	: GenuineIntel
cpu family	: 6
model		: 78
model name	: Intel(R) Core(TM) i3-6006U CPU @ 2.00GHz
stepping	: 3
microcode	: 0xcc
cpu MHz		: 2000.001
cache size	: 3072 KB
physical id	: 0
siblings	: 4
core id		: 0
cpu cores	: 2
apicid		: 1
initial apicid	: 1
fpu		: yes
fpu_exception	: yes
cpuid level	: 22
wp		: yes
flags		: fpu vme de pse tsc msr pae mce cx8 apic sep mtrr pge mca cmov pat pse36 clflush dts acpi mmx fxsr sse sse2 ss ht tm pbe syscall nx pdpe1gb rdtscp lm constant_tsc art arch_perfmon pebs bts rep_good nopl xtopology nonstop_tsc cpuid aperfmperf tsc_known_freq pni pclmulqdq dtes64 monitor ds_cpl vmx est tm2 ssse3 sdbg fma cx16 xtpr pdcm pcid sse4_1 sse4_2 x2apic movbe popcnt tsc_deadline_timer aes xsave avx f16c rdrand lahf_lm abm 3dnowprefetch cpuid_fault epb invpcid_single pti ssbd ibrs ibpb stibp tpr_shadow vnmi flexpriority ept vpid fsgsbase tsc_adjust bmi1 avx2 smep bmi2 erms invpcid mpx rdseed adx smap clflushopt intel_pt xsaveopt xsavec xgetbv1 xsaves dtherm arat pln pts hwp hwp_notify hwp_act_window hwp_epp md_clear flush_l1d
bugs		: cpu_meltdown spectre_v1 spectre_v2 spec_store_bypass l1tf mds swapgs
bogomips	: 3984.00
clflush size	: 64
cache_alignment	: 64
address sizes	: 39 bits physical, 48 bits virtual
power management:

processor	: 3
vendor_id	: GenuineIntel
cpu family	: 6
model		: 78
model name	: Intel(R) Core(TM) i3-6006U CPU @ 2.00GHz
stepping	: 3
microcode	: 0xcc
cpu MHz		: 2000.003
cache size	: 3072 KB
physical id	: 0
siblings	: 4
core id		: 1
cpu cores	: 2
apicid		: 3
initial apicid	: 3
fpu		: yes
fpu_exception	: yes
cpuid level	: 22
wp		: yes
flags		: fpu vme de pse tsc msr pae mce cx8 apic sep mtrr pge mca cmov pat pse36 clflush dts acpi mmx fxsr sse sse2 ss ht tm pbe syscall nx pdpe1gb rdtscp lm constant_tsc art arch_perfmon pebs bts rep_good nopl xtopology nonstop_tsc cpuid aperfmperf tsc_known_freq pni pclmulqdq dtes64 monitor ds_cpl vmx est tm2 ssse3 sdbg fma cx16 xtpr pdcm pcid sse4_1 sse4_2 x2apic movbe popcnt tsc_deadline_timer aes xsave avx f16c rdrand lahf_lm abm 3dnowprefetch cpuid_fault epb invpcid_single pti ssbd ibrs ibpb stibp tpr_shadow vnmi flexpriority ept vpid fsgsbase tsc_adjust bmi1 avx2 smep bmi2 erms invpcid mpx rdseed adx smap clflushopt intel_pt xsaveopt xsavec xgetbv1 xsaves dtherm arat pln pts hwp hwp_notify hwp_act_window hwp_epp md_clear flush_l1d
bugs		: cpu_meltdown spectre_v1 spectre_v2 spec_store_bypass l1tf mds swapgs
bogomips	: 3984.00
clflush size	: 64
cache_alignment	: 64
address sizes	: 39 bits physical, 48 bits virtual
power management:



Memory: 4k page, physical 8040404k(106944k free), swap 2097148k(0k free)

vm_info: OpenJDK 64-Bit Server VM (25.202-b49-5587405) for linux-amd64 JRE (1.8.0_202-release-1483-b49-5587405), built by "android-build" with gcc 4.8

time: Sun Sep 15 06:30:58 2019
timezone: EEST
elapsed time: 23 seconds (0d 0h 0m 23s)

